This is pdfTeX, Version 3.141592653-2.6-1.40.23 (TeX Live 2021) (preloaded format=pdflatex 2022.1.6)  28 MAR 2024 18:35
entering extended mode
 restricted \write18 enabled.
 %&-line parsing enabled.
**slides.tex
(./slides.tex
LaTeX2e <2021-11-15> patch level 1
L3 programming layer <2021-11-22>
(/usr/local/texlive/2021/texmf-dist/tex/latex/beamer/beamer.cls
Document Class: beamer 2021/10/18 v3.64 A class for typesetting presentations
(/usr/local/texlive/2021/texmf-dist/tex/latex/beamer/beamerbasemodes.sty
(/usr/local/texlive/2021/texmf-dist/tex/latex/etoolbox/etoolbox.sty
Package: etoolbox 2020/10/05 v2.5k e-TeX tools for LaTeX (JAW)
\etb@tempcnta=\count183
)
\beamer@tempbox=\box50
\beamer@tempcount=\count184
\c@beamerpauses=\count185

(/usr/local/texlive/2021/texmf-dist/tex/latex/beamer/beamerbasedecode.sty
\beamer@slideinframe=\count186
\beamer@minimum=\count187
\beamer@decode@box=\box51
)
\beamer@commentbox=\box52
\beamer@modecount=\count188
)
(/usr/local/texlive/2021/texmf-dist/tex/generic/iftex/ifpdf.sty
Package: ifpdf 2019/10/25 v3.4 ifpdf legacy package. Use iftex instead.

(/usr/local/texlive/2021/texmf-dist/tex/generic/iftex/iftex.sty
Package: iftex 2020/03/06 v1.0d TeX engine tests
))
\headdp=\dimen138
\footheight=\dimen139
\sidebarheight=\dimen140
\beamer@tempdim=\dimen141
\beamer@finalheight=\dimen142
\beamer@animht=\dimen143
\beamer@animdp=\dimen144
\beamer@animwd=\dimen145
\beamer@leftmargin=\dimen146
\beamer@rightmargin=\dimen147
\beamer@leftsidebar=\dimen148
\beamer@rightsidebar=\dimen149
\beamer@boxsize=\dimen150
\beamer@vboxoffset=\dimen151
\beamer@descdefault=\dimen152
\beamer@descriptionwidth=\dimen153
\beamer@lastskip=\skip47
\beamer@areabox=\box53
\beamer@animcurrent=\box54
\beamer@animshowbox=\box55
\beamer@sectionbox=\box56
\beamer@logobox=\box57
\beamer@linebox=\box58
\beamer@sectioncount=\count189
\beamer@subsubsectionmax=\count190
\beamer@subsectionmax=\count191
\beamer@sectionmax=\count192
\beamer@totalheads=\count193
\beamer@headcounter=\count194
\beamer@partstartpage=\count195
\beamer@sectionstartpage=\count196
\beamer@subsectionstartpage=\count197
\beamer@animationtempa=\count198
\beamer@animationtempb=\count199
\beamer@xpos=\count266
\beamer@ypos=\count267
\beamer@ypos@offset=\count268
\beamer@showpartnumber=\count269
\beamer@currentsubsection=\count270
\beamer@coveringdepth=\count271
\beamer@sectionadjust=\count272
\beamer@toclastsection=\count273
\beamer@tocsectionnumber=\count274

(/usr/local/texlive/2021/texmf-dist/tex/latex/beamer/beamerbaseoptions.sty
(/usr/local/texlive/2021/texmf-dist/tex/latex/graphics/keyval.sty
Package: keyval 2014/10/28 v1.15 key=value parser (DPC)
\KV@toks@=\toks16
))
\beamer@paperwidth=\skip48
\beamer@paperheight=\skip49

(/usr/local/texlive/2021/texmf-dist/tex/latex/geometry/geometry.sty
Package: geometry 2020/01/02 v5.9 Page Geometry

(/usr/local/texlive/2021/texmf-dist/tex/generic/iftex/ifvtex.sty
Package: ifvtex 2019/10/25 v1.7 ifvtex legacy package. Use iftex instead.
)
\Gm@cnth=\count275
\Gm@cntv=\count276
\c@Gm@tempcnt=\count277
\Gm@bindingoffset=\dimen154
\Gm@wd@mp=\dimen155
\Gm@odd@mp=\dimen156
\Gm@even@mp=\dimen157
\Gm@layoutwidth=\dimen158
\Gm@layoutheight=\dimen159
\Gm@layouthoffset=\dimen160
\Gm@layoutvoffset=\dimen161
\Gm@dimlist=\toks17
)
(/usr/local/texlive/2021/texmf-dist/tex/latex/base/size11.clo
File: size11.clo 2021/10/04 v1.4n Standard LaTeX file (size option)
)
(/usr/local/texlive/2021/texmf-dist/tex/latex/pgf/basiclayer/pgfcore.sty
(/usr/local/texlive/2021/texmf-dist/tex/latex/graphics/graphicx.sty
Package: graphicx 2021/09/16 v1.2d Enhanced LaTeX Graphics (DPC,SPQR)

(/usr/local/texlive/2021/texmf-dist/tex/latex/graphics/graphics.sty
Package: graphics 2021/03/04 v1.4d Standard LaTeX Graphics (DPC,SPQR)

(/usr/local/texlive/2021/texmf-dist/tex/latex/graphics/trig.sty
Package: trig 2021/08/11 v1.11 sin cos tan (DPC)
)
(/usr/local/texlive/2021/texmf-dist/tex/latex/graphics-cfg/graphics.cfg
File: graphics.cfg 2016/06/04 v1.11 sample graphics configuration
)
Package graphics Info: Driver file: pdftex.def on input line 107.

(/usr/local/texlive/2021/texmf-dist/tex/latex/graphics-def/pdftex.def
File: pdftex.def 2020/10/05 v1.2a Graphics/color driver for pdftex
))
\Gin@req@height=\dimen162
\Gin@req@width=\dimen163
)
(/usr/local/texlive/2021/texmf-dist/tex/latex/pgf/systemlayer/pgfsys.sty
(/usr/local/texlive/2021/texmf-dist/tex/latex/pgf/utilities/pgfrcs.sty
(/usr/local/texlive/2021/texmf-dist/tex/generic/pgf/utilities/pgfutil-common.te
x
\pgfutil@everybye=\toks18
\pgfutil@tempdima=\dimen164
\pgfutil@tempdimb=\dimen165

(/usr/local/texlive/2021/texmf-dist/tex/generic/pgf/utilities/pgfutil-common-li
sts.tex))
(/usr/local/texlive/2021/texmf-dist/tex/generic/pgf/utilities/pgfutil-latex.def
\pgfutil@abb=\box59
) (/usr/local/texlive/2021/texmf-dist/tex/generic/pgf/utilities/pgfrcs.code.tex
(/usr/local/texlive/2021/texmf-dist/tex/generic/pgf/pgf.revision.tex)
Package: pgfrcs 2021/05/15 v3.1.9a (3.1.9a)
))
(/usr/local/texlive/2021/texmf-dist/tex/generic/pgf/systemlayer/pgfsys.code.tex
Package: pgfsys 2021/05/15 v3.1.9a (3.1.9a)
(/usr/local/texlive/2021/texmf-dist/tex/generic/pgf/utilities/pgfkeys.code.tex
\pgfkeys@pathtoks=\toks19
\pgfkeys@temptoks=\toks20

(/usr/local/texlive/2021/texmf-dist/tex/generic/pgf/utilities/pgfkeysfiltered.c
ode.tex
\pgfkeys@tmptoks=\toks21
))
\pgf@x=\dimen166
\pgf@y=\dimen167
\pgf@xa=\dimen168
\pgf@ya=\dimen169
\pgf@xb=\dimen170
\pgf@yb=\dimen171
\pgf@xc=\dimen172
\pgf@yc=\dimen173
\pgf@xd=\dimen174
\pgf@yd=\dimen175
\w@pgf@writea=\write3
\r@pgf@reada=\read2
\c@pgf@counta=\count278
\c@pgf@countb=\count279
\c@pgf@countc=\count280
\c@pgf@countd=\count281
\t@pgf@toka=\toks22
\t@pgf@tokb=\toks23
\t@pgf@tokc=\toks24
\pgf@sys@id@count=\count282

(/usr/local/texlive/2021/texmf-dist/tex/generic/pgf/systemlayer/pgf.cfg
File: pgf.cfg 2021/05/15 v3.1.9a (3.1.9a)
)
Driver file for pgf: pgfsys-pdftex.def

(/usr/local/texlive/2021/texmf-dist/tex/generic/pgf/systemlayer/pgfsys-pdftex.d
ef
File: pgfsys-pdftex.def 2021/05/15 v3.1.9a (3.1.9a)

(/usr/local/texlive/2021/texmf-dist/tex/generic/pgf/systemlayer/pgfsys-common-p
df.def
File: pgfsys-common-pdf.def 2021/05/15 v3.1.9a (3.1.9a)
)))
(/usr/local/texlive/2021/texmf-dist/tex/generic/pgf/systemlayer/pgfsyssoftpath.
code.tex
File: pgfsyssoftpath.code.tex 2021/05/15 v3.1.9a (3.1.9a)
\pgfsyssoftpath@smallbuffer@items=\count283
\pgfsyssoftpath@bigbuffer@items=\count284
)
(/usr/local/texlive/2021/texmf-dist/tex/generic/pgf/systemlayer/pgfsysprotocol.
code.tex
File: pgfsysprotocol.code.tex 2021/05/15 v3.1.9a (3.1.9a)
)) (/usr/local/texlive/2021/texmf-dist/tex/latex/xcolor/xcolor.sty
Package: xcolor 2021/10/31 v2.13 LaTeX color extensions (UK)

(/usr/local/texlive/2021/texmf-dist/tex/latex/graphics-cfg/color.cfg
File: color.cfg 2016/01/02 v1.6 sample color configuration
)
Package xcolor Info: Driver file: pdftex.def on input line 227.
Package xcolor Info: Model `cmy' substituted by `cmy0' on input line 1352.
Package xcolor Info: Model `hsb' substituted by `rgb' on input line 1356.
Package xcolor Info: Model `RGB' extended on input line 1368.
Package xcolor Info: Model `HTML' substituted by `rgb' on input line 1370.
Package xcolor Info: Model `Hsb' substituted by `hsb' on input line 1371.
Package xcolor Info: Model `tHsb' substituted by `hsb' on input line 1372.
Package xcolor Info: Model `HSB' substituted by `hsb' on input line 1373.
Package xcolor Info: Model `Gray' substituted by `gray' on input line 1374.
Package xcolor Info: Model `wave' substituted by `hsb' on input line 1375.
)
(/usr/local/texlive/2021/texmf-dist/tex/generic/pgf/basiclayer/pgfcore.code.tex
Package: pgfcore 2021/05/15 v3.1.9a (3.1.9a)
(/usr/local/texlive/2021/texmf-dist/tex/generic/pgf/math/pgfmath.code.tex
(/usr/local/texlive/2021/texmf-dist/tex/generic/pgf/math/pgfmathcalc.code.tex
(/usr/local/texlive/2021/texmf-dist/tex/generic/pgf/math/pgfmathutil.code.tex)
(/usr/local/texlive/2021/texmf-dist/tex/generic/pgf/math/pgfmathparser.code.tex
\pgfmath@dimen=\dimen176
\pgfmath@count=\count285
\pgfmath@box=\box60
\pgfmath@toks=\toks25
\pgfmath@stack@operand=\toks26
\pgfmath@stack@operation=\toks27
)
(/usr/local/texlive/2021/texmf-dist/tex/generic/pgf/math/pgfmathfunctions.code.
tex
(/usr/local/texlive/2021/texmf-dist/tex/generic/pgf/math/pgfmathfunctions.basic
.code.tex)
(/usr/local/texlive/2021/texmf-dist/tex/generic/pgf/math/pgfmathfunctions.trigo
nometric.code.tex)
(/usr/local/texlive/2021/texmf-dist/tex/generic/pgf/math/pgfmathfunctions.rando
m.code.tex)
(/usr/local/texlive/2021/texmf-dist/tex/generic/pgf/math/pgfmathfunctions.compa
rison.code.tex)
(/usr/local/texlive/2021/texmf-dist/tex/generic/pgf/math/pgfmathfunctions.base.
code.tex)
(/usr/local/texlive/2021/texmf-dist/tex/generic/pgf/math/pgfmathfunctions.round
.code.tex)
(/usr/local/texlive/2021/texmf-dist/tex/generic/pgf/math/pgfmathfunctions.misc.
code.tex)
(/usr/local/texlive/2021/texmf-dist/tex/generic/pgf/math/pgfmathfunctions.integ
erarithmetics.code.tex)))
(/usr/local/texlive/2021/texmf-dist/tex/generic/pgf/math/pgfmathfloat.code.tex
\c@pgfmathroundto@lastzeros=\count286
)) (/usr/local/texlive/2021/texmf-dist/tex/generic/pgf/math/pgfint.code.tex)
(/usr/local/texlive/2021/texmf-dist/tex/generic/pgf/basiclayer/pgfcorepoints.co
de.tex
File: pgfcorepoints.code.tex 2021/05/15 v3.1.9a (3.1.9a)
\pgf@picminx=\dimen177
\pgf@picmaxx=\dimen178
\pgf@picminy=\dimen179
\pgf@picmaxy=\dimen180
\pgf@pathminx=\dimen181
\pgf@pathmaxx=\dimen182
\pgf@pathminy=\dimen183
\pgf@pathmaxy=\dimen184
\pgf@xx=\dimen185
\pgf@xy=\dimen186
\pgf@yx=\dimen187
\pgf@yy=\dimen188
\pgf@zx=\dimen189
\pgf@zy=\dimen190
)
(/usr/local/texlive/2021/texmf-dist/tex/generic/pgf/basiclayer/pgfcorepathconst
ruct.code.tex
File: pgfcorepathconstruct.code.tex 2021/05/15 v3.1.9a (3.1.9a)
\pgf@path@lastx=\dimen191
\pgf@path@lasty=\dimen192
)
(/usr/local/texlive/2021/texmf-dist/tex/generic/pgf/basiclayer/pgfcorepathusage
.code.tex
File: pgfcorepathusage.code.tex 2021/05/15 v3.1.9a (3.1.9a)
\pgf@shorten@end@additional=\dimen193
\pgf@shorten@start@additional=\dimen194
)
(/usr/local/texlive/2021/texmf-dist/tex/generic/pgf/basiclayer/pgfcorescopes.co
de.tex
File: pgfcorescopes.code.tex 2021/05/15 v3.1.9a (3.1.9a)
\pgfpic=\box61
\pgf@hbox=\box62
\pgf@layerbox@main=\box63
\pgf@picture@serial@count=\count287
)
(/usr/local/texlive/2021/texmf-dist/tex/generic/pgf/basiclayer/pgfcoregraphicst
ate.code.tex
File: pgfcoregraphicstate.code.tex 2021/05/15 v3.1.9a (3.1.9a)
\pgflinewidth=\dimen195
)
(/usr/local/texlive/2021/texmf-dist/tex/generic/pgf/basiclayer/pgfcoretransform
ations.code.tex
File: pgfcoretransformations.code.tex 2021/05/15 v3.1.9a (3.1.9a)
\pgf@pt@x=\dimen196
\pgf@pt@y=\dimen197
\pgf@pt@temp=\dimen198
)
(/usr/local/texlive/2021/texmf-dist/tex/generic/pgf/basiclayer/pgfcorequick.cod
e.tex
File: pgfcorequick.code.tex 2021/05/15 v3.1.9a (3.1.9a)
)
(/usr/local/texlive/2021/texmf-dist/tex/generic/pgf/basiclayer/pgfcoreobjects.c
ode.tex
File: pgfcoreobjects.code.tex 2021/05/15 v3.1.9a (3.1.9a)
)
(/usr/local/texlive/2021/texmf-dist/tex/generic/pgf/basiclayer/pgfcorepathproce
ssing.code.tex
File: pgfcorepathprocessing.code.tex 2021/05/15 v3.1.9a (3.1.9a)
)
(/usr/local/texlive/2021/texmf-dist/tex/generic/pgf/basiclayer/pgfcorearrows.co
de.tex
File: pgfcorearrows.code.tex 2021/05/15 v3.1.9a (3.1.9a)
\pgfarrowsep=\dimen199
)
(/usr/local/texlive/2021/texmf-dist/tex/generic/pgf/basiclayer/pgfcoreshade.cod
e.tex
File: pgfcoreshade.code.tex 2021/05/15 v3.1.9a (3.1.9a)
\pgf@max=\dimen256
\pgf@sys@shading@range@num=\count288
\pgf@shadingcount=\count289
)
(/usr/local/texlive/2021/texmf-dist/tex/generic/pgf/basiclayer/pgfcoreimage.cod
e.tex
File: pgfcoreimage.code.tex 2021/05/15 v3.1.9a (3.1.9a)

(/usr/local/texlive/2021/texmf-dist/tex/generic/pgf/basiclayer/pgfcoreexternal.
code.tex
File: pgfcoreexternal.code.tex 2021/05/15 v3.1.9a (3.1.9a)
\pgfexternal@startupbox=\box64
))
(/usr/local/texlive/2021/texmf-dist/tex/generic/pgf/basiclayer/pgfcorelayers.co
de.tex
File: pgfcorelayers.code.tex 2021/05/15 v3.1.9a (3.1.9a)
)
(/usr/local/texlive/2021/texmf-dist/tex/generic/pgf/basiclayer/pgfcoretranspare
ncy.code.tex
File: pgfcoretransparency.code.tex 2021/05/15 v3.1.9a (3.1.9a)
)
(/usr/local/texlive/2021/texmf-dist/tex/generic/pgf/basiclayer/pgfcorepatterns.
code.tex
File: pgfcorepatterns.code.tex 2021/05/15 v3.1.9a (3.1.9a)
)
(/usr/local/texlive/2021/texmf-dist/tex/generic/pgf/basiclayer/pgfcorerdf.code.
tex
File: pgfcorerdf.code.tex 2021/05/15 v3.1.9a (3.1.9a)
))) (/usr/local/texlive/2021/texmf-dist/tex/latex/pgf/utilities/xxcolor.sty
Package: xxcolor 2003/10/24 ver 0.1
\XC@nummixins=\count290
\XC@countmixins=\count291
) (/usr/local/texlive/2021/texmf-dist/tex/latex/base/atbegshi-ltx.sty
Package: atbegshi-ltx 2021/01/10 v1.0c Emulation of the original atbegshi
package with kernel methods
)
(/usr/local/texlive/2021/texmf-dist/tex/latex/hyperref/hyperref.sty
Package: hyperref 2021-06-07 v7.00m Hypertext links for LaTeX

(/usr/local/texlive/2021/texmf-dist/tex/generic/ltxcmds/ltxcmds.sty
Package: ltxcmds 2020-05-10 v1.25 LaTeX kernel commands for general use (HO)
)
(/usr/local/texlive/2021/texmf-dist/tex/generic/pdftexcmds/pdftexcmds.sty
Package: pdftexcmds 2020-06-27 v0.33 Utility functions of pdfTeX for LuaTeX (HO
)

(/usr/local/texlive/2021/texmf-dist/tex/generic/infwarerr/infwarerr.sty
Package: infwarerr 2019/12/03 v1.5 Providing info/warning/error messages (HO)
)
Package pdftexcmds Info: \pdf@primitive is available.
Package pdftexcmds Info: \pdf@ifprimitive is available.
Package pdftexcmds Info: \pdfdraftmode found.
)
(/usr/local/texlive/2021/texmf-dist/tex/generic/kvsetkeys/kvsetkeys.sty
Package: kvsetkeys 2019/12/15 v1.18 Key value parser (HO)
)
(/usr/local/texlive/2021/texmf-dist/tex/generic/kvdefinekeys/kvdefinekeys.sty
Package: kvdefinekeys 2019-12-19 v1.6 Define keys (HO)
)
(/usr/local/texlive/2021/texmf-dist/tex/generic/pdfescape/pdfescape.sty
Package: pdfescape 2019/12/09 v1.15 Implements pdfTeX's escape features (HO)
)
(/usr/local/texlive/2021/texmf-dist/tex/latex/hycolor/hycolor.sty
Package: hycolor 2020-01-27 v1.10 Color options for hyperref/bookmark (HO)
)
(/usr/local/texlive/2021/texmf-dist/tex/latex/letltxmacro/letltxmacro.sty
Package: letltxmacro 2019/12/03 v1.6 Let assignment for LaTeX macros (HO)
)
(/usr/local/texlive/2021/texmf-dist/tex/latex/auxhook/auxhook.sty
Package: auxhook 2019-12-17 v1.6 Hooks for auxiliary files (HO)
)
(/usr/local/texlive/2021/texmf-dist/tex/latex/kvoptions/kvoptions.sty
Package: kvoptions 2020-10-07 v3.14 Key value format for package options (HO)
)
\@linkdim=\dimen257
\Hy@linkcounter=\count292
\Hy@pagecounter=\count293

(/usr/local/texlive/2021/texmf-dist/tex/latex/hyperref/pd1enc.def
File: pd1enc.def 2021-06-07 v7.00m Hyperref: PDFDocEncoding definition (HO)
Now handling font encoding PD1 ...
... no UTF-8 mapping file for font encoding PD1
)
(/usr/local/texlive/2021/texmf-dist/tex/latex/hyperref/hyperref-langpatches.def
File: hyperref-langpatches.def 2021-06-07 v7.00m Hyperref: patches for babel la
nguages
) (/usr/local/texlive/2021/texmf-dist/tex/generic/intcalc/intcalc.sty
Package: intcalc 2019/12/15 v1.3 Expandable calculations with integers (HO)
)
(/usr/local/texlive/2021/texmf-dist/tex/generic/etexcmds/etexcmds.sty
Package: etexcmds 2019/12/15 v1.7 Avoid name clashes with e-TeX commands (HO)
)
\Hy@SavedSpaceFactor=\count294

(/usr/local/texlive/2021/texmf-dist/tex/latex/hyperref/puenc.def
File: puenc.def 2021-06-07 v7.00m Hyperref: PDF Unicode definition (HO)
Now handling font encoding PU ...
... no UTF-8 mapping file for font encoding PU
)
Package hyperref Info: Option `bookmarks' set `true' on input line 4073.
Package hyperref Info: Option `bookmarksopen' set `true' on input line 4073.
Package hyperref Info: Option `implicit' set `false' on input line 4073.
Package hyperref Info: Hyper figures OFF on input line 4192.
Package hyperref Info: Link nesting OFF on input line 4197.
Package hyperref Info: Hyper index ON on input line 4200.
Package hyperref Info: Plain pages OFF on input line 4207.
Package hyperref Info: Backreferencing OFF on input line 4212.
Package hyperref Info: Implicit mode OFF; no redefinition of LaTeX internals.
Package hyperref Info: Bookmarks ON on input line 4445.
\c@Hy@tempcnt=\count295

(/usr/local/texlive/2021/texmf-dist/tex/latex/url/url.sty
\Urlmuskip=\muskip16
Package: url 2013/09/16  ver 3.4  Verb mode for urls, etc.
)
LaTeX Info: Redefining \url on input line 4804.
\XeTeXLinkMargin=\dimen258

(/usr/local/texlive/2021/texmf-dist/tex/generic/bitset/bitset.sty
Package: bitset 2019/12/09 v1.3 Handle bit-vector datatype (HO)

(/usr/local/texlive/2021/texmf-dist/tex/generic/bigintcalc/bigintcalc.sty
Package: bigintcalc 2019/12/15 v1.5 Expandable calculations on big integers (HO
)
))
\Fld@menulength=\count296
\Field@Width=\dimen259
\Fld@charsize=\dimen260
Package hyperref Info: Hyper figures OFF on input line 6076.
Package hyperref Info: Link nesting OFF on input line 6081.
Package hyperref Info: Hyper index ON on input line 6084.
Package hyperref Info: backreferencing OFF on input line 6091.
Package hyperref Info: Link coloring OFF on input line 6096.
Package hyperref Info: Link coloring with OCG OFF on input line 6101.
Package hyperref Info: PDF/A mode OFF on input line 6106.
LaTeX Info: Redefining \ref on input line 6146.
LaTeX Info: Redefining \pageref on input line 6150.
\Hy@abspage=\count297


Package hyperref Message: Stopped early.

)
Package hyperref Info: Driver (autodetected): hpdftex.
 (/usr/local/texlive/2021/texmf-dist/tex/latex/hyperref/hpdftex.def
File: hpdftex.def 2021-06-07 v7.00m Hyperref driver for pdfTeX

(/usr/local/texlive/2021/texmf-dist/tex/latex/base/atveryend-ltx.sty
Package: atveryend-ltx 2020/08/19 v1.0a Emulation of the original atveryend pac
kage
with kernel methods
)
\Fld@listcount=\count298
\c@bookmark@seq@number=\count299

(/usr/local/texlive/2021/texmf-dist/tex/latex/rerunfilecheck/rerunfilecheck.sty
Package: rerunfilecheck 2019/12/05 v1.9 Rerun checks for auxiliary files (HO)

(/usr/local/texlive/2021/texmf-dist/tex/generic/uniquecounter/uniquecounter.sty
Package: uniquecounter 2019/12/15 v1.4 Provide unlimited unique counter (HO)
)
Package uniquecounter Info: New unique counter `rerunfilecheck' on input line 2
86.
)) (/usr/local/texlive/2021/texmf-dist/tex/latex/beamer/beamerbaserequires.sty
(/usr/local/texlive/2021/texmf-dist/tex/latex/beamer/beamerbasecompatibility.st
y) (/usr/local/texlive/2021/texmf-dist/tex/latex/beamer/beamerbasefont.sty
(/usr/local/texlive/2021/texmf-dist/tex/latex/amsfonts/amssymb.sty
Package: amssymb 2013/01/14 v3.01 AMS font symbols

(/usr/local/texlive/2021/texmf-dist/tex/latex/amsfonts/amsfonts.sty
Package: amsfonts 2013/01/14 v3.01 Basic AMSFonts support
\@emptytoks=\toks28
\symAMSa=\mathgroup4
\symAMSb=\mathgroup5
LaTeX Font Info:    Redeclaring math symbol \hbar on input line 98.
LaTeX Font Info:    Overwriting math alphabet `\mathfrak' in version `bold'
(Font)                  U/euf/m/n --> U/euf/b/n on input line 106.
))
(/usr/local/texlive/2021/texmf-dist/tex/latex/sansmathaccent/sansmathaccent.sty
Package: sansmathaccent 2020/01/31
(/usr/local/texlive/2021/texmf-dist/tex/latex/koma-script/scrlfile.sty
Package: scrlfile 2021/11/13 v3.35 KOMA-Script package (file load hooks)

(/usr/local/texlive/2021/texmf-dist/tex/latex/koma-script/scrlfile-hook.sty
Package: scrlfile-hook 2021/11/13 v3.35 KOMA-Script package (using LaTeX hooks)


(/usr/local/texlive/2021/texmf-dist/tex/latex/koma-script/scrlogo.sty
Package: scrlogo 2021/11/13 v3.35 KOMA-Script package (logo)
)))))
(/usr/local/texlive/2021/texmf-dist/tex/latex/beamer/beamerbasetranslator.sty
(/usr/local/texlive/2021/texmf-dist/tex/latex/translator/translator.sty
Package: translator 2021-05-31 v1.12d Easy translation of strings in LaTeX
))
(/usr/local/texlive/2021/texmf-dist/tex/latex/beamer/beamerbasemisc.sty)
(/usr/local/texlive/2021/texmf-dist/tex/latex/beamer/beamerbasetwoscreens.sty)
(/usr/local/texlive/2021/texmf-dist/tex/latex/beamer/beamerbaseoverlay.sty
\beamer@argscount=\count300
\beamer@lastskipcover=\skip50
\beamer@trivlistdepth=\count301
)
(/usr/local/texlive/2021/texmf-dist/tex/latex/beamer/beamerbasetitle.sty)
(/usr/local/texlive/2021/texmf-dist/tex/latex/beamer/beamerbasesection.sty
\c@lecture=\count302
\c@part=\count303
\c@section=\count304
\c@subsection=\count305
\c@subsubsection=\count306
)
(/usr/local/texlive/2021/texmf-dist/tex/latex/beamer/beamerbaseframe.sty
\beamer@framebox=\box65
\beamer@frametitlebox=\box66
\beamer@zoombox=\box67
\beamer@zoomcount=\count307
\beamer@zoomframecount=\count308
\beamer@frametextheight=\dimen261
\c@subsectionslide=\count309
\beamer@frametopskip=\skip51
\beamer@framebottomskip=\skip52
\beamer@frametopskipautobreak=\skip53
\beamer@framebottomskipautobreak=\skip54
\beamer@envbody=\toks29
\framewidth=\dimen262
\c@framenumber=\count310
)
(/usr/local/texlive/2021/texmf-dist/tex/latex/beamer/beamerbaseverbatim.sty
\beamer@verbatimfileout=\write4
)
(/usr/local/texlive/2021/texmf-dist/tex/latex/beamer/beamerbaseframesize.sty
\beamer@splitbox=\box68
\beamer@autobreakcount=\count311
\beamer@autobreaklastheight=\dimen263
\beamer@frametitletoks=\toks30
\beamer@framesubtitletoks=\toks31
)
(/usr/local/texlive/2021/texmf-dist/tex/latex/beamer/beamerbaseframecomponents.
sty
\beamer@footins=\box69
) (/usr/local/texlive/2021/texmf-dist/tex/latex/beamer/beamerbasecolor.sty)
(/usr/local/texlive/2021/texmf-dist/tex/latex/beamer/beamerbasenotes.sty
\beamer@frameboxcopy=\box70
)
(/usr/local/texlive/2021/texmf-dist/tex/latex/beamer/beamerbasetoc.sty)
(/usr/local/texlive/2021/texmf-dist/tex/latex/beamer/beamerbasetemplates.sty
\beamer@sbttoks=\toks32

(/usr/local/texlive/2021/texmf-dist/tex/latex/beamer/beamerbaseauxtemplates.sty
(/usr/local/texlive/2021/texmf-dist/tex/latex/beamer/beamerbaseboxes.sty
\bmb@box=\box71
\bmb@colorbox=\box72
\bmb@boxwidth=\dimen264
\bmb@boxheight=\dimen265
\bmb@prevheight=\dimen266
\bmb@temp=\dimen267
\bmb@dima=\dimen268
\bmb@dimb=\dimen269
\bmb@prevheight=\dimen270
)
\beamer@blockheadheight=\dimen271
))
(/usr/local/texlive/2021/texmf-dist/tex/latex/beamer/beamerbaselocalstructure.s
ty (/usr/local/texlive/2021/texmf-dist/tex/latex/tools/enumerate.sty
Package: enumerate 2015/07/23 v3.00 enumerate extensions (DPC)
\@enLab=\toks33
)
\beamer@bibiconwidth=\skip55
\c@figure=\count312
\c@table=\count313
\abovecaptionskip=\skip56
\belowcaptionskip=\skip57
)
(/usr/local/texlive/2021/texmf-dist/tex/latex/beamer/beamerbasenavigation.sty
\beamer@section@min@dim=\dimen272
)
(/usr/local/texlive/2021/texmf-dist/tex/latex/beamer/beamerbasetheorems.sty
(/usr/local/texlive/2021/texmf-dist/tex/latex/amsmath/amsmath.sty
Package: amsmath 2021/10/15 v2.17l AMS math features
\@mathmargin=\skip58

For additional information on amsmath, use the `?' option.
(/usr/local/texlive/2021/texmf-dist/tex/latex/amsmath/amstext.sty
Package: amstext 2021/08/26 v2.01 AMS text

(/usr/local/texlive/2021/texmf-dist/tex/latex/amsmath/amsgen.sty
File: amsgen.sty 1999/11/30 v2.0 generic functions
\@emptytoks=\toks34
\ex@=\dimen273
))
(/usr/local/texlive/2021/texmf-dist/tex/latex/amsmath/amsbsy.sty
Package: amsbsy 1999/11/29 v1.2d Bold Symbols
\pmbraise@=\dimen274
)
(/usr/local/texlive/2021/texmf-dist/tex/latex/amsmath/amsopn.sty
Package: amsopn 2021/08/26 v2.02 operator names
)
\inf@bad=\count314
LaTeX Info: Redefining \frac on input line 234.
\uproot@=\count315
\leftroot@=\count316
LaTeX Info: Redefining \overline on input line 399.
\classnum@=\count317
\DOTSCASE@=\count318
LaTeX Info: Redefining \ldots on input line 496.
LaTeX Info: Redefining \dots on input line 499.
LaTeX Info: Redefining \cdots on input line 620.
\Mathstrutbox@=\box73
\strutbox@=\box74
\big@size=\dimen275
LaTeX Font Info:    Redeclaring font encoding OML on input line 743.
LaTeX Font Info:    Redeclaring font encoding OMS on input line 744.
\macc@depth=\count319
\c@MaxMatrixCols=\count320
\dotsspace@=\muskip17
\c@parentequation=\count321
\dspbrk@lvl=\count322
\tag@help=\toks35
\row@=\count323
\column@=\count324
\maxfields@=\count325
\andhelp@=\toks36
\eqnshift@=\dimen276
\alignsep@=\dimen277
\tagshift@=\dimen278
\tagwidth@=\dimen279
\totwidth@=\dimen280
\lineht@=\dimen281
\@envbody=\toks37
\multlinegap=\skip59
\multlinetaggap=\skip60
\mathdisplay@stack=\toks38
LaTeX Info: Redefining \[ on input line 2938.
LaTeX Info: Redefining \] on input line 2939.
)
(/usr/local/texlive/2021/texmf-dist/tex/latex/amscls/amsthm.sty
Package: amsthm 2020/05/29 v2.20.6
\thm@style=\toks39
\thm@bodyfont=\toks40
\thm@headfont=\toks41
\thm@notefont=\toks42
\thm@headpunct=\toks43
\thm@preskip=\skip61
\thm@postskip=\skip62
\thm@headsep=\skip63
\dth@everypar=\toks44
)
\c@theorem=\count326
)
(/usr/local/texlive/2021/texmf-dist/tex/latex/beamer/beamerbasethemes.sty))
(/usr/local/texlive/2021/texmf-dist/tex/latex/beamer/beamerthemedefault.sty
(/usr/local/texlive/2021/texmf-dist/tex/latex/beamer/beamerfontthemedefault.sty
)
(/usr/local/texlive/2021/texmf-dist/tex/latex/beamer/beamercolorthemedefault.st
y)
(/usr/local/texlive/2021/texmf-dist/tex/latex/beamer/beamerinnerthemedefault.st
y
\beamer@dima=\dimen282
\beamer@dimb=\dimen283
)
(/usr/local/texlive/2021/texmf-dist/tex/latex/beamer/beamerouterthemedefault.st
y))) (/usr/local/texlive/2021/texmf-dist/tex/latex/psnfss/mathptmx.sty
Package: mathptmx 2020/03/25 PSNFSS-v9.3 Times w/ Math, improved (SPQR, WaS) 
LaTeX Font Info:    Redeclaring symbol font `operators' on input line 28.
LaTeX Font Info:    Overwriting symbol font `operators' in version `normal'
(Font)                  OT1/cmr/m/n --> OT1/ztmcm/m/n on input line 28.
LaTeX Font Info:    Overwriting symbol font `operators' in version `bold'
(Font)                  OT1/cmr/bx/n --> OT1/ztmcm/m/n on input line 28.
LaTeX Font Info:    Redeclaring symbol font `letters' on input line 29.
LaTeX Font Info:    Overwriting symbol font `letters' in version `normal'
(Font)                  OML/cmm/m/it --> OML/ztmcm/m/it on input line 29.
LaTeX Font Info:    Overwriting symbol font `letters' in version `bold'
(Font)                  OML/cmm/b/it --> OML/ztmcm/m/it on input line 29.
LaTeX Font Info:    Redeclaring symbol font `symbols' on input line 30.
LaTeX Font Info:    Overwriting symbol font `symbols' in version `normal'
(Font)                  OMS/cmsy/m/n --> OMS/ztmcm/m/n on input line 30.
LaTeX Font Info:    Overwriting symbol font `symbols' in version `bold'
(Font)                  OMS/cmsy/b/n --> OMS/ztmcm/m/n on input line 30.
LaTeX Font Info:    Redeclaring symbol font `largesymbols' on input line 31.
LaTeX Font Info:    Overwriting symbol font `largesymbols' in version `normal'
(Font)                  OMX/cmex/m/n --> OMX/ztmcm/m/n on input line 31.
LaTeX Font Info:    Overwriting symbol font `largesymbols' in version `bold'
(Font)                  OMX/cmex/m/n --> OMX/ztmcm/m/n on input line 31.
\symbold=\mathgroup6
\symitalic=\mathgroup7
LaTeX Font Info:    Redeclaring math alphabet \mathbf on input line 34.
LaTeX Font Info:    Overwriting math alphabet `\mathbf' in version `normal'
(Font)                  OT1/cmr/bx/n --> OT1/ptm/bx/n on input line 34.
LaTeX Font Info:    Overwriting math alphabet `\mathbf' in version `bold'
(Font)                  OT1/cmr/bx/n --> OT1/ptm/bx/n on input line 34.
LaTeX Font Info:    Redeclaring math alphabet \mathit on input line 35.
LaTeX Font Info:    Overwriting math alphabet `\mathit' in version `normal'
(Font)                  OT1/cmr/m/it --> OT1/ptm/m/it on input line 35.
LaTeX Font Info:    Overwriting math alphabet `\mathit' in version `bold'
(Font)                  OT1/cmr/bx/it --> OT1/ptm/m/it on input line 35.
LaTeX Info: Redefining \hbar on input line 50.
)
(/usr/local/texlive/2021/texmf-dist/tex/latex/natbib/bibentry.sty
Package: bibentry 2007/10/30 1.5 (PWD)
)
(/usr/local/texlive/2021/texmf-dist/tex/latex/bbm-macros/bbm.sty
Package: bbm 1999/03/15 V 1.2 provides fonts for set symbols - TH
LaTeX Font Info:    Overwriting math alphabet `\mathbbm' in version `bold'
(Font)                  U/bbm/m/n --> U/bbm/bx/n on input line 33.
LaTeX Font Info:    Overwriting math alphabet `\mathbbmss' in version `bold'
(Font)                  U/bbmss/m/n --> U/bbmss/bx/n on input line 35.
)
(/usr/local/texlive/2021/texmf-dist/tex/generic/babel/babel.sty
Package: babel 2021/12/30 3.69 The Babel package
\babel@savecnt=\count327
\U@D=\dimen284
\l@unhyphenated=\language87

(/usr/local/texlive/2021/texmf-dist/tex/generic/babel/txtbabel.def)
\bbl@readstream=\read3
LaTeX Info: Redefining \textlatin on input line 3967.
\bbl@dirlevel=\count328

(/usr/local/texlive/2021/texmf-dist/tex/generic/babel-english/english.ldf
Language: english 2017/06/06 v3.3r English support from the babel system
Package babel Info: Hyphen rules for 'canadian' set to \l@english
(babel)             (\language0). Reported on input line 102.
Package babel Info: Hyphen rules for 'australian' set to \l@ukenglish
(babel)             (\language21). Reported on input line 105.
Package babel Info: Hyphen rules for 'newzealand' set to \l@ukenglish
(babel)             (\language21). Reported on input line 108.
))
(/usr/local/texlive/2021/texmf-dist/tex/latex/ragged2e/ragged2e.sty
Package: ragged2e 2021/12/15 v3.1 ragged2e Package
\CenteringLeftskip=\skip64
\RaggedLeftLeftskip=\skip65
\RaggedRightLeftskip=\skip66
\CenteringRightskip=\skip67
\RaggedLeftRightskip=\skip68
\RaggedRightRightskip=\skip69
\CenteringParfillskip=\skip70
\RaggedLeftParfillskip=\skip71
\RaggedRightParfillskip=\skip72
\JustifyingParfillskip=\skip73
\CenteringParindent=\skip74
\RaggedLeftParindent=\skip75
\RaggedRightParindent=\skip76
\JustifyingParindent=\skip77
)
(/usr/local/texlive/2021/texmf-dist/tex/latex/beamer/beamerthemeWarsaw.sty
(/usr/local/texlive/2021/texmf-dist/tex/latex/beamer/beamerinnerthemerounded.st
y)
(/usr/local/texlive/2021/texmf-dist/tex/latex/beamer/beamerouterthemeshadow.sty
(/usr/local/texlive/2021/texmf-dist/tex/latex/beamer/beamerouterthemesplit.sty)
)
(/usr/local/texlive/2021/texmf-dist/tex/latex/beamer/beamercolorthemeorchid.sty
)
(/usr/local/texlive/2021/texmf-dist/tex/latex/beamer/beamercolorthemewhale.sty)
) (/usr/local/texlive/2021/texmf-dist/tex/latex/subfig/subfig.sty
Package: subfig 2005/06/28 ver: 1.3 subfig package

(/usr/local/texlive/2021/texmf-dist/tex/latex/caption/caption.sty
Package: caption 2020/10/26 v3.5g Customizing captions (AR)

(/usr/local/texlive/2021/texmf-dist/tex/latex/caption/caption3.sty
Package: caption3 2020/10/21 v2.2e caption3 kernel (AR)
\captionmargin=\dimen285
\captionmargin@=\dimen286
\captionwidth=\dimen287
\caption@tempdima=\dimen288
\caption@indent=\dimen289
\caption@parindent=\dimen290
\caption@hangindent=\dimen291
Package caption Info: beamer document class detected.

(/usr/local/texlive/2021/texmf-dist/tex/latex/caption/caption-beamer.sto
File: caption-beamer.sto 2020/08/22 v2.0 Adaption of the caption package to the
 beamer document classes (AR)
))
\c@caption@flags=\count329
\c@continuedfloat=\count330
Package caption Info: hyperref package is loaded.
Package caption Info: Hyperref support is turned off
(caption)             because hyperref has stopped early.
)
\c@KVtest=\count331
\sf@farskip=\skip78
\sf@captopadj=\dimen292
\sf@capskip=\skip79
\sf@nearskip=\skip80
\c@subfigure=\count332
\c@subfigure@save=\count333
\c@depth=\count334
\c@subtable=\count335
\c@subtable@save=\count336
\sf@top=\skip81
\sf@bottom=\skip82
)
(/usr/local/texlive/2021/texmf-dist/tex/latex/base/inputenc.sty
Package: inputenc 2021/02/14 v1.3d Input encoding file
\inpenc@prehook=\toks45
\inpenc@posthook=\toks46
)
(/usr/local/texlive/2021/texmf-dist/tex/latex/base/fontenc.sty
Package: fontenc 2021/04/29 v2.0v Standard LaTeX package
)
(/usr/local/texlive/2021/texmf-dist/tex/latex/multirow/multirow.sty
Package: multirow 2021/03/15 v2.8 Span multiple rows of a table
\multirow@colwidth=\skip83
\multirow@cntb=\count337
\multirow@dima=\skip84
\bigstrutjot=\dimen293
)
(/usr/local/texlive/2021/texmf-dist/tex/latex/l3backend/l3backend-pdftex.def
File: l3backend-pdftex.def 2021-12-14 L3 backend support: PDF output (pdfTeX)
\l__color_backend_stack_int=\count338
\l__pdf_internal_box=\box75
)
(build/slides.aux)
\openout1 = `slides.aux'.

LaTeX Font Info:    Checking defaults for OML/cmm/m/it on input line 54.
LaTeX Font Info:    ... okay on input line 54.
LaTeX Font Info:    Checking defaults for OMS/cmsy/m/n on input line 54.
LaTeX Font Info:    ... okay on input line 54.
LaTeX Font Info:    Checking defaults for OT1/cmr/m/n on input line 54.
LaTeX Font Info:    ... okay on input line 54.
LaTeX Font Info:    Checking defaults for T1/cmr/m/n on input line 54.
LaTeX Font Info:    ... okay on input line 54.
LaTeX Font Info:    Checking defaults for TS1/cmr/m/n on input line 54.
LaTeX Font Info:    ... okay on input line 54.
LaTeX Font Info:    Checking defaults for OMX/cmex/m/n on input line 54.
LaTeX Font Info:    ... okay on input line 54.
LaTeX Font Info:    Checking defaults for U/cmr/m/n on input line 54.
LaTeX Font Info:    ... okay on input line 54.
LaTeX Font Info:    Checking defaults for PD1/pdf/m/n on input line 54.
LaTeX Font Info:    ... okay on input line 54.
LaTeX Font Info:    Checking defaults for PU/pdf/m/n on input line 54.
LaTeX Font Info:    ... okay on input line 54.

*geometry* driver: auto-detecting
*geometry* detected driver: pdftex
*geometry* verbose mode - [ preamble ] result:
* driver: pdftex
* paper: custom
* layout: <same size as paper>
* layoutoffset:(h,v)=(0.0pt,0.0pt)
* modes: includehead includefoot 
* h-part:(L,W,R)=(15.0pt, 334.19536pt, 15.0pt)
* v-part:(T,H,B)=(0.0pt, 273.14662pt, 0.0pt)
* \paperwidth=364.19536pt
* \paperheight=273.14662pt
* \textwidth=334.19536pt
* \textheight=244.6939pt
* \oddsidemargin=-57.26999pt
* \evensidemargin=-57.26999pt
* \topmargin=-72.26999pt
* \headheight=14.22636pt
* \headsep=0.0pt
* \topskip=11.0pt
* \footskip=14.22636pt
* \marginparwidth=4.0pt
* \marginparsep=10.0pt
* \columnsep=10.0pt
* \skip\footins=10.0pt plus 4.0pt minus 2.0pt
* \hoffset=0.0pt
* \voffset=0.0pt
* \mag=1000
* \@twocolumnfalse
* \@twosidefalse
* \@mparswitchfalse
* \@reversemarginfalse
* (1in=72.27pt=25.4mm, 1cm=28.453pt)

(/usr/local/texlive/2021/texmf-dist/tex/context/base/mkii/supp-pdf.mkii
[Loading MPS to PDF converter (version 2006.09.02).]
\scratchcounter=\count339
\scratchdimen=\dimen294
\scratchbox=\box76
\nofMPsegments=\count340
\nofMParguments=\count341
\everyMPshowfont=\toks47
\MPscratchCnt=\count342
\MPscratchDim=\dimen295
\MPnumerator=\count343
\makeMPintoPDFobject=\count344
\everyMPtoPDFconversion=\toks48
) (/usr/local/texlive/2021/texmf-dist/tex/latex/epstopdf-pkg/epstopdf-base.sty
Package: epstopdf-base 2020-01-24 v2.11 Base part for package epstopdf
Package epstopdf-base Info: Redefining graphics rule for `.eps' on input line 4
85.

(/usr/local/texlive/2021/texmf-dist/tex/latex/latexconfig/epstopdf-sys.cfg
File: epstopdf-sys.cfg 2010/07/13 v1.3 Configuration of (r)epstopdf for TeX Liv
e
))
Package hyperref Info: Link coloring OFF on input line 54.

(/usr/local/texlive/2021/texmf-dist/tex/latex/hyperref/nameref.sty
Package: nameref 2021-04-02 v2.47 Cross-referencing by name of section

(/usr/local/texlive/2021/texmf-dist/tex/latex/refcount/refcount.sty
Package: refcount 2019/12/15 v3.6 Data extraction from label references (HO)
)
(/usr/local/texlive/2021/texmf-dist/tex/generic/gettitlestring/gettitlestring.s
ty
Package: gettitlestring 2019/12/15 v1.6 Cleanup title references (HO)
)
\c@section@level=\count345
)
LaTeX Info: Redefining \ref on input line 54.
LaTeX Info: Redefining \pageref on input line 54.
LaTeX Info: Redefining \nameref on input line 54.
 (build/slides.out) (build/slides.out)
\@outlinefile=\write5
\openout5 = `slides.out'.

LaTeX Font Info:    Overwriting symbol font `operators' in version `normal'
(Font)                  OT1/ztmcm/m/n --> OT1/cmss/m/n on input line 54.
LaTeX Font Info:    Overwriting symbol font `operators' in version `bold'
(Font)                  OT1/ztmcm/m/n --> OT1/cmss/b/n on input line 54.
\symnumbers=\mathgroup8
\sympureletters=\mathgroup9
LaTeX Font Info:    Overwriting math alphabet `\mathrm' in version `normal'
(Font)                  OT1/cmss/m/n --> T1/ptm/m/n on input line 54.
LaTeX Font Info:    Redeclaring math alphabet \mathbf on input line 54.
LaTeX Font Info:    Overwriting math alphabet `\mathbf' in version `normal'
(Font)                  OT1/ptm/bx/n --> T1/cmss/b/n on input line 54.
LaTeX Font Info:    Overwriting math alphabet `\mathbf' in version `bold'
(Font)                  OT1/ptm/bx/n --> T1/cmss/b/n on input line 54.
LaTeX Font Info:    Redeclaring math alphabet \mathsf on input line 54.
LaTeX Font Info:    Overwriting math alphabet `\mathsf' in version `normal'
(Font)                  OT1/cmss/m/n --> T1/cmss/m/n on input line 54.
LaTeX Font Info:    Overwriting math alphabet `\mathsf' in version `bold'
(Font)                  OT1/cmss/bx/n --> T1/cmss/m/n on input line 54.
LaTeX Font Info:    Redeclaring math alphabet \mathit on input line 54.
LaTeX Font Info:    Overwriting math alphabet `\mathit' in version `normal'
(Font)                  OT1/ptm/m/it --> T1/cmss/m/it on input line 54.
LaTeX Font Info:    Overwriting math alphabet `\mathit' in version `bold'
(Font)                  OT1/ptm/m/it --> T1/cmss/m/it on input line 54.
LaTeX Font Info:    Redeclaring math alphabet \mathtt on input line 54.
LaTeX Font Info:    Overwriting math alphabet `\mathtt' in version `normal'
(Font)                  OT1/cmtt/m/n --> T1/cmtt/m/n on input line 54.
LaTeX Font Info:    Overwriting math alphabet `\mathtt' in version `bold'
(Font)                  OT1/cmtt/m/n --> T1/cmtt/m/n on input line 54.
LaTeX Font Info:    Overwriting symbol font `numbers' in version `bold'
(Font)                  T1/cmss/m/n --> T1/cmss/b/n on input line 54.
LaTeX Font Info:    Overwriting symbol font `pureletters' in version `bold'
(Font)                  T1/cmss/m/it --> T1/cmss/b/it on input line 54.
LaTeX Font Info:    Overwriting math alphabet `\mathrm' in version `bold'
(Font)                  OT1/cmss/b/n --> T1/ptm/b/n on input line 54.
LaTeX Font Info:    Overwriting math alphabet `\mathbf' in version `bold'
(Font)                  T1/cmss/b/n --> T1/cmss/b/n on input line 54.
LaTeX Font Info:    Overwriting math alphabet `\mathsf' in version `bold'
(Font)                  T1/cmss/m/n --> T1/cmss/b/n on input line 54.
LaTeX Font Info:    Overwriting math alphabet `\mathit' in version `bold'
(Font)                  T1/cmss/m/it --> T1/cmss/b/it on input line 54.
LaTeX Font Info:    Overwriting math alphabet `\mathtt' in version `bold'
(Font)                  T1/cmtt/m/n --> T1/cmtt/b/n on input line 54.
LaTeX Font Info:    Redeclaring symbol font `pureletters' on input line 54.
LaTeX Font Info:    Encoding `T1' has changed to `OT1' for symbol font
(Font)              `pureletters' in the math version `normal' on input line 54
.
LaTeX Font Info:    Overwriting symbol font `pureletters' in version `normal'
(Font)                  T1/cmss/m/it --> OT1/mathkerncmss/m/sl on input line 54
.
LaTeX Font Info:    Encoding `T1' has changed to `OT1' for symbol font
(Font)              `pureletters' in the math version `bold' on input line 54.
LaTeX Font Info:    Overwriting symbol font `pureletters' in version `bold'
(Font)                  T1/cmss/b/it --> OT1/mathkerncmss/m/sl on input line 54
.
LaTeX Font Info:    Overwriting symbol font `pureletters' in version `bold'
(Font)                  OT1/mathkerncmss/m/sl --> OT1/mathkerncmss/bx/sl on inp
ut line 54.

(/usr/local/texlive/2021/texmf-dist/tex/latex/translator/translator-basic-dicti
onary-English.dict
Dictionary: translator-basic-dictionary, Language: English 
)
(/usr/local/texlive/2021/texmf-dist/tex/latex/translator/translator-bibliograph
y-dictionary-English.dict
Dictionary: translator-bibliography-dictionary, Language: English 
)
(/usr/local/texlive/2021/texmf-dist/tex/latex/translator/translator-environment
-dictionary-English.dict
Dictionary: translator-environment-dictionary, Language: English 
)
(/usr/local/texlive/2021/texmf-dist/tex/latex/translator/translator-months-dict
ionary-English.dict
Dictionary: translator-months-dictionary, Language: English 
)
(/usr/local/texlive/2021/texmf-dist/tex/latex/translator/translator-numbers-dic
tionary-English.dict
Dictionary: translator-numbers-dictionary, Language: English 
)
(/usr/local/texlive/2021/texmf-dist/tex/latex/translator/translator-theorem-dic
tionary-English.dict
Dictionary: translator-theorem-dictionary, Language: English 
)
Package caption Info: Begin \AtBeginDocument code.
Package caption Info: subfig package v1.3 is loaded.
Package caption Info: End \AtBeginDocument code.
 (build/slides.nav)

Package hyperref Warning: Option `pdfauthor' has already been used,
(hyperref)                setting the option has no effect on input line 65.

LaTeX Font Info:    Trying to load font information for OML+ztmcm on input line
 84.
(/usr/local/texlive/2021/texmf-dist/tex/latex/psnfss/omlztmcm.fd
File: omlztmcm.fd 2000/01/03 Fontinst v1.801 font definitions for OML/ztmcm.
)
LaTeX Font Info:    Trying to load font information for OMS+ztmcm on input line
 84.

(/usr/local/texlive/2021/texmf-dist/tex/latex/psnfss/omsztmcm.fd
File: omsztmcm.fd 2000/01/03 Fontinst v1.801 font definitions for OMS/ztmcm.
)
LaTeX Font Info:    Trying to load font information for OMX+ztmcm on input line
 84.

(/usr/local/texlive/2021/texmf-dist/tex/latex/psnfss/omxztmcm.fd
File: omxztmcm.fd 2000/01/03 Fontinst v1.801 font definitions for OMX/ztmcm.
)
LaTeX Font Info:    Trying to load font information for OT1+ptm on input line 8
4.

(/usr/local/texlive/2021/texmf-dist/tex/latex/psnfss/ot1ptm.fd
File: ot1ptm.fd 2001/06/04 font definitions for OT1/ptm.
)
LaTeX Font Info:    Font shape `OT1/ptm/bx/n' in size <10.95> not available
(Font)              Font shape `OT1/ptm/b/n' tried instead on input line 84.
LaTeX Font Info:    Font shape `OT1/ptm/bx/n' in size <8> not available
(Font)              Font shape `OT1/ptm/b/n' tried instead on input line 84.
LaTeX Font Info:    Font shape `OT1/ptm/bx/n' in size <6> not available
(Font)              Font shape `OT1/ptm/b/n' tried instead on input line 84.
LaTeX Font Info:    Trying to load font information for OT1+mathkerncmss on inp
ut line 84.

(/usr/local/texlive/2021/texmf-dist/tex/latex/sansmathaccent/ot1mathkerncmss.fd
File: ot1mathkerncmss.fd 2020/01/31 Fontinst v1.933 font definitions for OT1/ma
thkerncmss.
)
LaTeX Font Info:    Trying to load font information for T1+cmtt on input line 8
4.
 (/usr/local/texlive/2021/texmf-dist/tex/latex/base/t1cmtt.fd
File: t1cmtt.fd 2019/12/16 v2.5j Standard LaTeX font definitions
)
LaTeX Font Info:    Font shape `OT1/ptm/bx/n' in size <5> not available
(Font)              Font shape `OT1/ptm/b/n' tried instead on input line 84.
 [1

{/usr/local/texlive/2021/texmf-var/fonts/map/pdftex/updmap/pdftex.map}]
<../20230629_IGN_BigData/figures/urban-dynamics-simulation-models-geodivercity.
png, id=66, 471.26062pt x 709.90219pt>
File: ../20230629_IGN_BigData/figures/urban-dynamics-simulation-models-geodiver
city.png Graphic file (type png)
<use ../20230629_IGN_BigData/figures/urban-dynamics-simulation-models-geodiverc
ity.png>
Package pdftex.def Info: ../20230629_IGN_BigData/figures/urban-dynamics-simulat
ion-models-geodivercity.png  used on input line 120.
(pdftex.def)             Requested size: 133.6761pt x 201.37099pt.
<../20230629_IGN_BigData/figures/iconOM.png, id=69, 36.3759pt x 36.3759pt>
File: ../20230629_IGN_BigData/figures/iconOM.png Graphic file (type png)
<use ../20230629_IGN_BigData/figures/iconOM.png>
Package pdftex.def Info: ../20230629_IGN_BigData/figures/iconOM.png  used on in
put line 120.
(pdftex.def)             Requested size: 56.14514pt x 56.14613pt.
<../20230629_IGN_BigData/figures/openmole.png, id=70, 44.44604pt x 9.8769pt>
File: ../20230629_IGN_BigData/figures/openmole.png Graphic file (type png)
<use ../20230629_IGN_BigData/figures/openmole.png>
Package pdftex.def Info: ../20230629_IGN_BigData/figures/openmole.png  used on 
input line 120.
(pdftex.def)             Requested size: 136.35161pt x 30.3061pt.
 [2

 <../20230629_IGN_BigData/figures/urban-dynamics-simulation-models-geodivercity
.png> <../20230629_IGN_BigData/figures/iconOM.png> <../20230629_IGN_BigData/fig
ures/openmole.png>]
<../20230629_IGN_BigData/figures/oml_depth3_core.png, id=102, 2055.68pt x 2055.
68pt>
File: ../20230629_IGN_BigData/figures/oml_depth3_core.png Graphic file (type pn
g)
<use ../20230629_IGN_BigData/figures/oml_depth3_core.png>
Package pdftex.def Info: ../20230629_IGN_BigData/figures/oml_depth3_core.png  u
sed on input line 129.
(pdftex.def)             Requested size: 334.19536pt x 334.1852pt.

Overfull \vbox (87.47818pt too high) detected at line 129
 []

[3

 <../20230629_IGN_BigData/figures/oml_depth3_core.png>]
<../20230629_IGN_BigData/figures/openmole_axis.png, id=131, 1496.59125pt x 1108
.14pt>
File: ../20230629_IGN_BigData/figures/openmole_axis.png Graphic file (type png)

<use ../20230629_IGN_BigData/figures/openmole_axis.png>
Package pdftex.def Info: ../20230629_IGN_BigData/figures/openmole_axis.png  use
d on input line 146.
(pdftex.def)             Requested size: 300.77377pt x 222.70624pt.

Overfull \vbox (2.24867pt too high) detected at line 146
 []

[4

 <../20230629_IGN_BigData/figures/openmole_axis.png>]
<../20230629_IGN_BigData/figures/openmolefirefox.png, id=160, 1849.91125pt x 93
5.495pt>
File: ../20230629_IGN_BigData/figures/openmolefirefox.png Graphic file (type pn
g)
<use ../20230629_IGN_BigData/figures/openmolefirefox.png>
Package pdftex.def Info: ../20230629_IGN_BigData/figures/openmolefirefox.png  u
sed on input line 158.
(pdftex.def)             Requested size: 334.19536pt x 168.99564pt.
 [5

 <../20230629_IGN_BigData/figures/openmolefirefox.png>]
<../20230629_IGN_BigData/figures/modelIO.png, id=187, 580.41844pt x 178.41656pt
>
File: ../20230629_IGN_BigData/figures/modelIO.png Graphic file (type png)
<use ../20230629_IGN_BigData/figures/modelIO.png>
Package pdftex.def Info: ../20230629_IGN_BigData/figures/modelIO.png  used on i
nput line 166.
(pdftex.def)             Requested size: 334.19536pt x 102.73027pt.
 [6

 <../20230629_IGN_BigData/figures/modelIO.png>]
<../20230629_IGN_BigData/figures/blackbox.png, id=214, 642.4pt x 459.316pt>
File: ../20230629_IGN_BigData/figures/blackbox.png Graphic file (type png)
<use ../20230629_IGN_BigData/figures/blackbox.png>
Package pdftex.def Info: ../20230629_IGN_BigData/figures/blackbox.png  used on 
input line 176.
(pdftex.def)             Requested size: 334.19536pt x 238.95782pt.
 [7

 <../20230629_IGN_BigData/figures/blackbox.png>]
<../20230629_IGN_BigData/figures/netlogomodel.png, id=242, 1359.0775pt x 413.54
5pt>
File: ../20230629_IGN_BigData/figures/netlogomodel.png Graphic file (type png)
<use ../20230629_IGN_BigData/figures/netlogomodel.png>
Package pdftex.def Info: ../20230629_IGN_BigData/figures/netlogomodel.png  used
 on input line 189.
(pdftex.def)             Requested size: 334.19536pt x 101.68855pt.
 [8

 <../20230629_IGN_BigData/figures/netlogomodel.png>]
<../20230629_IGN_BigData/figures/rcode.png, id=270, 1356.06625pt x 409.53pt>
File: ../20230629_IGN_BigData/figures/rcode.png Graphic file (type png)
<use ../20230629_IGN_BigData/figures/rcode.png>
Package pdftex.def Info: ../20230629_IGN_BigData/figures/rcode.png  used on inp
ut line 202.
(pdftex.def)             Requested size: 334.19536pt x 100.92624pt.
 [9

 <../20230629_IGN_BigData/figures/rcode.png>]
<../20230629_IGN_BigData/figures/container.png, id=297, 606.265pt x 392.46625pt
>
File: ../20230629_IGN_BigData/figures/container.png Graphic file (type png)
<use ../20230629_IGN_BigData/figures/container.png>
Package pdftex.def Info: ../20230629_IGN_BigData/figures/container.png  used on
 input line 212.
(pdftex.def)             Requested size: 334.19536pt x 216.34216pt.
 [10

 <../20230629_IGN_BigData/figures/container.png>] [11

]
<../20230629_IGN_BigData/figures/directsampling.png, id=352, 1417.295pt x 389.4
55pt>
File: ../20230629_IGN_BigData/figures/directsampling.png Graphic file (type png
)
<use ../20230629_IGN_BigData/figures/directsampling.png>
Package pdftex.def Info: ../20230629_IGN_BigData/figures/directsampling.png  us
ed on input line 244.
(pdftex.def)             Requested size: 334.19536pt x 91.83095pt.
 [12

 <../20230629_IGN_BigData/figures/directsampling.png>]
<../20230629_IGN_BigData/figures/cluster.png, id=380, 1393.205pt x 464.73625pt>

File: ../20230629_IGN_BigData/figures/cluster.png Graphic file (type png)
<use ../20230629_IGN_BigData/figures/cluster.png>
Package pdftex.def Info: ../20230629_IGN_BigData/figures/cluster.png  used on i
nput line 266.
(pdftex.def)             Requested size: 334.19536pt x 111.47514pt.
 [13

 <../20230629_IGN_BigData/figures/cluster.png>] [14

]
<../20230629_IGN_BigData/figures/descriptivemodel.png, id=433, 1330.9725pt x 54
1.02126pt>
File: ../20230629_IGN_BigData/figures/descriptivemodel.png Graphic file (type p
ng)
<use ../20230629_IGN_BigData/figures/descriptivemodel.png>
Package pdftex.def Info: ../20230629_IGN_BigData/figures/descriptivemodel.png  
used on input line 317.
(pdftex.def)             Requested size: 334.19536pt x 135.8411pt.
 [15

 <../20230629_IGN_BigData/figures/descriptivemodel.png>]
<../20230629_IGN_BigData/figures/slocal_fitness.png, id=461, 1445.4pt x 915.42p
t>
File: ../20230629_IGN_BigData/figures/slocal_fitness.png Graphic file (type png
)
<use ../20230629_IGN_BigData/figures/slocal_fitness.png>
Package pdftex.def Info: ../20230629_IGN_BigData/figures/slocal_fitness.png  us
ed on input line 344.
(pdftex.def)             Requested size: 334.19536pt x 211.65962pt.

Overfull \vbox (65.2099pt too high) detected at line 344
 []

[16

 <../20230629_IGN_BigData/figures/slocal_fitness.png>]
<../20230629_IGN_BigData/figures/slocalcalib.png, id=491, 1437.37pt x 760.8425p
t>
File: ../20230629_IGN_BigData/figures/slocalcalib.png Graphic file (type png)
<use ../20230629_IGN_BigData/figures/slocalcalib.png>
Package pdftex.def Info: ../20230629_IGN_BigData/figures/slocalcalib.png  used 
on input line 378.
(pdftex.def)             Requested size: 334.19536pt x 176.89404pt.
 [17

 <../20230629_IGN_BigData/figures/slocalcalib.png>] [18

]
<../20230629_IGN_BigData/figures/profil_algo.png, id=545, 1434.35875pt x 762.85
pt>
File: ../20230629_IGN_BigData/figures/profil_algo.png Graphic file (type png)
<use ../20230629_IGN_BigData/figures/profil_algo.png>
Package pdftex.def Info: ../20230629_IGN_BigData/figures/profil_algo.png  used 
on input line 426.
(pdftex.def)             Requested size: 334.19536pt x 177.73328pt.
 [19

 <../20230629_IGN_BigData/figures/profil_algo.png>]
<../20230629_IGN_BigData/figures/profil_interpretation.png, id=573, 1043.9pt x 
730.73pt>
File: ../20230629_IGN_BigData/figures/profil_interpretation.png Graphic file (t
ype png)
<use ../20230629_IGN_BigData/figures/profil_interpretation.png>
Package pdftex.def Info: ../20230629_IGN_BigData/figures/profil_interpretation.
png  used on input line 433.
(pdftex.def)             Requested size: 334.19536pt x 233.93872pt.
 [20

 <../20230629_IGN_BigData/figures/profil_interpretation.png>]
<../20230629_IGN_BigData/figures/PdiffusionZ.png, id=600, 602.25pt x 401.5pt>
File: ../20230629_IGN_BigData/figures/PdiffusionZ.png Graphic file (type png)
<use ../20230629_IGN_BigData/figures/PdiffusionZ.png>
Package pdftex.def Info: ../20230629_IGN_BigData/figures/PdiffusionZ.png  used 
on input line 442.
(pdftex.def)             Requested size: 334.19536pt x 222.80449pt.
[21

 <../20230629_IGN_BigData/figures/PdiffusionZ.png>]
<../20230629_IGN_BigData/figures/InnovationLife.png, id=627, 602.25pt x 401.5pt
>
File: ../20230629_IGN_BigData/figures/InnovationLife.png Graphic file (type png
)
<use ../20230629_IGN_BigData/figures/InnovationLife.png>
Package pdftex.def Info: ../20230629_IGN_BigData/figures/InnovationLife.png  us
ed on input line 457.
(pdftex.def)             Requested size: 334.19536pt x 222.80449pt.
 [22

 <../20230629_IGN_BigData/figures/InnovationLife.png>]
<../20230629_IGN_BigData/figures/simfamily.png, id=653, 1079.03125pt x 601.2462
5pt>
File: ../20230629_IGN_BigData/figures/simfamily.png Graphic file (type png)
<use ../20230629_IGN_BigData/figures/simfamily.png>
Package pdftex.def Info: ../20230629_IGN_BigData/figures/simfamily.png  used on
 input line 472.
(pdftex.def)             Requested size: 334.19536pt x 186.21927pt.
 [23

 <../20230629_IGN_BigData/figures/simfamily.png>]
<../20230629_IGN_BigData/figures/paretocomplexityfit.png, id=682, 1177.39874pt 
x 720.6925pt>
File: ../20230629_IGN_BigData/figures/paretocomplexityfit.png Graphic file (typ
e png)
<use ../20230629_IGN_BigData/figures/paretocomplexityfit.png>
Package pdftex.def Info: ../20230629_IGN_BigData/figures/paretocomplexityfit.pn
g  used on input line 482.
(pdftex.def)             Requested size: 334.19536pt x 204.56374pt.
 [24

 <../20230629_IGN_BigData/figures/paretocomplexityfit.png>]
<../20230629_IGN_BigData/figures/marius_complexification.png, id=709, 261.25604
pt x 259.81065pt>
File: ../20230629_IGN_BigData/figures/marius_complexification.png Graphic file 
(type png)
<use ../20230629_IGN_BigData/figures/marius_complexification.png>
Package pdftex.def Info: ../20230629_IGN_BigData/figures/marius_complexificatio
n.png  used on input line 492.
(pdftex.def)             Requested size: 267.3573pt x 265.88344pt.

Overfull \vbox (19.17642pt too high) detected at line 492
 []

[25

 <../20230629_IGN_BigData/figures/marius_complexification.png>]
<../20230629_IGN_BigData/figures/varius_big.png, id=738, 2033.5975pt x 869.2475
pt>
File: ../20230629_IGN_BigData/figures/varius_big.png Graphic file (type png)
<use ../20230629_IGN_BigData/figures/varius_big.png>
Package pdftex.def Info: ../20230629_IGN_BigData/figures/varius_big.png  used o
n input line 508.
(pdftex.def)             Requested size: 334.19536pt x 142.8493pt.
 [26

 <../20230629_IGN_BigData/figures/varius_big.png>]
<../20230629_IGN_BigData/figures/pse_algo.png, id=765, 1052.93375pt x 473.77pt>

File: ../20230629_IGN_BigData/figures/pse_algo.png Graphic file (type png)
<use ../20230629_IGN_BigData/figures/pse_algo.png>
Package pdftex.def Info: ../20230629_IGN_BigData/figures/pse_algo.png  used on 
input line 520.
(pdftex.def)             Requested size: 334.19536pt x 150.3733pt.
 [27

 <../20230629_IGN_BigData/figures/pse_algo.png>]
<../20230629_IGN_BigData/figures/hitmap.png, id=794, 792.9625pt x 536.0025pt>
File: ../20230629_IGN_BigData/figures/hitmap.png Graphic file (type png)
<use ../20230629_IGN_BigData/figures/hitmap.png>
Package pdftex.def Info: ../20230629_IGN_BigData/figures/hitmap.png  used on in
put line 532.
(pdftex.def)             Requested size: 300.77377pt x 203.30684pt.
 [28

 <../20230629_IGN_BigData/figures/hitmap.png>]
<../20230629_IGN_BigData/figures/flockingvolume.png, id=821, 913.4125pt x 760.8
425pt>
File: ../20230629_IGN_BigData/figures/flockingvolume.png Graphic file (type png
)
<use ../20230629_IGN_BigData/figures/flockingvolume.png>
Package pdftex.def Info: ../20230629_IGN_BigData/figures/flockingvolume.png  us
ed on input line 541.
(pdftex.def)             Requested size: 300.77377pt x 250.53314pt.

Overfull \vbox (3.82613pt too high) detected at line 541
 []

[29

 <../20230629_IGN_BigData/figures/flockingvolume.png>]
<../20230629_IGN_BigData/figures/flockingpatterns.png, id=849, 373.34682pt x 16
9.54543pt>
File: ../20230629_IGN_BigData/figures/flockingpatterns.png Graphic file (type p
ng)
<use ../20230629_IGN_BigData/figures/flockingpatterns.png>
Package pdftex.def Info: ../20230629_IGN_BigData/figures/flockingpatterns.png  
used on input line 549.
(pdftex.def)             Requested size: 334.19536pt x 151.76419pt.
 [30

 <../20230629_IGN_BigData/figures/flockingpatterns.png>]
<../20230629_IGN_BigData/figures/pse_marius.png, id=876, 361.35pt x 361.35pt>
File: ../20230629_IGN_BigData/figures/pse_marius.png Graphic file (type png)
<use ../20230629_IGN_BigData/figures/pse_marius.png>
Package pdftex.def Info: ../20230629_IGN_BigData/figures/pse_marius.png  used o
n input line 568.
(pdftex.def)             Requested size: 200.51924pt x 200.51854pt.
 [31

 <../20230629_IGN_BigData/figures/pse_marius.png>]
<../20230629_IGN_BigData/figures/ose_algo.png, id=904, 1149.29375pt x 531.9875p
t>
File: ../20230629_IGN_BigData/figures/ose_algo.png Graphic file (type png)
<use ../20230629_IGN_BigData/figures/ose_algo.png>
Package pdftex.def Info: ../20230629_IGN_BigData/figures/ose_algo.png  used on 
input line 577.
(pdftex.def)             Requested size: 334.19536pt x 154.68642pt.
 [32

 <../20230629_IGN_BigData/figures/ose_algo.png>]
<../20230629_IGN_BigData/figures/oserast6d.png, id=931, 388.45125pt x 255.20343
pt>
File: ../20230629_IGN_BigData/figures/oserast6d.png Graphic file (type png)
<use ../20230629_IGN_BigData/figures/oserast6d.png>
Package pdftex.def Info: ../20230629_IGN_BigData/figures/oserast6d.png  used on
 input line 591.
(pdftex.def)             Requested size: 334.19536pt x 219.56412pt.
 [33

 <../20230629_IGN_BigData/figures/oserast6d.png>]
<../20230629_IGN_BigData/figures/spatial_sa.png, id=961, 871.255pt x 615.29875p
t>
File: ../20230629_IGN_BigData/figures/spatial_sa.png Graphic file (type png)
<use ../20230629_IGN_BigData/figures/spatial_sa.png>
Package pdftex.def Info: ../20230629_IGN_BigData/figures/spatial_sa.png  used o
n input line 607.
(pdftex.def)             Requested size: 317.48456pt x 224.21132pt.
 [34

 <../20230629_IGN_BigData/figures/spatial_sa.png>] [35

]
<../20230629_IGN_BigData/figures/buildings_6.png, id=1021, 569.0058pt x 569.005
8pt>
File: ../20230629_IGN_BigData/figures/buildings_6.png Graphic file (type png)
<use ../20230629_IGN_BigData/figures/buildings_6.png>
Package pdftex.def Info: ../20230629_IGN_BigData/figures/buildings_6.png  used 
on input line 662.
(pdftex.def)             Requested size: 200.51924pt x 200.51813pt.

Underfull \hbox (badness 5288) in paragraph at lines 662--662
\T1/cmss/m/n/10.95 PIF, EP-I-DAPO col-lab-o-ra-
 []

[36

 <../20230629_IGN_BigData/figures/buildings_6.png>]
<../20230629_IGN_BigData/figures/multiscale_morph.pdf, id=1050, 292.292pt x 148
.21373pt>
File: ../20230629_IGN_BigData/figures/multiscale_morph.pdf Graphic file (type p
df)
<use ../20230629_IGN_BigData/figures/multiscale_morph.pdf>
Package pdftex.def Info: ../20230629_IGN_BigData/figures/multiscale_morph.pdf  
used on input line 697.
(pdftex.def)             Requested size: 250.64651pt x 127.09946pt.
 [37

 <../20230629_IGN_BigData/figures/multiscale_morph.pdf>]
<../20230629_IGN_BigData/figures/openmole_benchmark.png, id=1092, 1354.05875pt 
x 751.80875pt>
File: ../20230629_IGN_BigData/figures/openmole_benchmark.png Graphic file (type
 png)
<use ../20230629_IGN_BigData/figures/openmole_benchmark.png>
Package pdftex.def Info: ../20230629_IGN_BigData/figures/openmole_benchmark.png
  used on input line 707.
(pdftex.def)             Requested size: 334.19536pt x 185.55414pt.
 [38

 <../20230629_IGN_BigData/figures/openmole_benchmark.png>]
<../20230629_IGN_BigData/figures/website.png, id=1119, 1118.1775pt x 775.89874p
t>
File: ../20230629_IGN_BigData/figures/website.png Graphic file (type png)
<use ../20230629_IGN_BigData/figures/website.png>
Package pdftex.def Info: ../20230629_IGN_BigData/figures/website.png  used on i
nput line 727.
(pdftex.def)             Requested size: 233.93573pt x 162.31606pt.
LaTeX Font Info:    Font shape `OT1/ptm/bx/n' in size <9> not available
(Font)              Font shape `OT1/ptm/b/n' tried instead on input line 727.
LaTeX Font Info:    Font shape `OT1/ptm/bx/n' in size <7> not available
(Font)              Font shape `OT1/ptm/b/n' tried instead on input line 727.
 [39

 <../20230629_IGN_BigData/figures/website.png>]
<../20230629_IGN_BigData/figures/chat.png, id=1148, 1829.83624pt x 819.06pt>
File: ../20230629_IGN_BigData/figures/chat.png Graphic file (type png)
<use ../20230629_IGN_BigData/figures/chat.png>
Package pdftex.def Info: ../20230629_IGN_BigData/figures/chat.png  used on inpu
t line 743.
(pdftex.def)             Requested size: 334.19536pt x 149.58656pt.
 [40

 <../20230629_IGN_BigData/figures/chat.png>]
<../20230629_IGN_BigData/figures/market_gh.png, id=1175, 1543.7675pt x 507.8975
pt>
File: ../20230629_IGN_BigData/figures/market_gh.png Graphic file (type png)
<use ../20230629_IGN_BigData/figures/market_gh.png>
Package pdftex.def Info: ../20230629_IGN_BigData/figures/market_gh.png  used on
 input line 757.
(pdftex.def)             Requested size: 300.77377pt x 98.95049pt.
<../20230629_IGN_BigData/figures/market_gui.png, id=1176, 1339.0025pt x 371.387
5pt>
File: ../20230629_IGN_BigData/figures/market_gui.png Graphic file (type png)
<use ../20230629_IGN_BigData/figures/market_gui.png>
Package pdftex.def Info: ../20230629_IGN_BigData/figures/market_gui.png  used o
n input line 757.
(pdftex.def)             Requested size: 300.77377pt x 83.42256pt.
 [41

 <../20230629_IGN_BigData/figures/market_gh.png> <../20230629_IGN_BigData/figur
es/market_gui.png>]
<../20230629_IGN_BigData/figures/exmodelo.png, id=1205, 1840.8775pt x 644.4075p
t>
File: ../20230629_IGN_BigData/figures/exmodelo.png Graphic file (type png)
<use ../20230629_IGN_BigData/figures/exmodelo.png>
Package pdftex.def Info: ../20230629_IGN_BigData/figures/exmodelo.png  used on 
input line 774.
(pdftex.def)             Requested size: 334.19536pt x 116.98146pt.
 [42

 <../20230629_IGN_BigData/figures/exmodelo.png>]
<../20230629_IGN_BigData/figures/trempoline.png, id=1232, 1838.87pt x 769.87625
pt>
File: ../20230629_IGN_BigData/figures/trempoline.png Graphic file (type png)
<use ../20230629_IGN_BigData/figures/trempoline.png>
Package pdftex.def Info: ../20230629_IGN_BigData/figures/trempoline.png  used o
n input line 787.
(pdftex.def)             Requested size: 334.19536pt x 139.91093pt.
 [43

 <../20230629_IGN_BigData/figures/trempoline.png>] [44

] (build/slides.bbl) [45

 </usr/local/texlive/2021/texmf-dist/tex/latex/beamer/beamericonarticle.pdf>] [
46


] [47


] [48


] [49


] [50


] [51


]
\tf@nav=\write6
\openout6 = `slides.nav'.

\tf@toc=\write7
\openout7 = `slides.toc'.

\tf@snm=\write8
\openout8 = `slides.snm'.


(build/slides.aux)
Package rerunfilecheck Info: File `slides.out' has not changed.
(rerunfilecheck)             Checksum: D41D8CD98F00B204E9800998ECF8427E;0.
 ) 
Here is how much of TeX's memory you used:
 25344 strings out of 478353
 502875 string characters out of 5848101
 753758 words of memory out of 5000000
 42759 multiletter control sequences out of 15000+600000
 442779 words of font info for 114 fonts, out of 8000000 for 9000
 1141 hyphenation exceptions out of 8191
 128i,14n,122p,410b,559s stack positions out of 5000i,500n,10000p,200000b,80000s
{/usr/local/texlive/2021/texmf-dist/fonts/enc/dvips/cm-super/cm-super-t1.enc}
</usr/local/texlive/2021/texmf-dist/fonts/type1/public/amsfonts/cm/cmbx10.pfb><
/usr/local/texlive/2021/texmf-dist/fonts/type1/public/amsfonts/cm/cmmi10.pfb></
usr/local/texlive/2021/texmf-dist/fonts/type1/public/amsfonts/cm/cmss10.pfb></u
sr/local/texlive/2021/texmf-dist/fonts/type1/public/amsfonts/cm/cmsy10.pfb></us
r/local/texlive/2021/texmf-dist/fonts/type1/public/amsfonts/cm/cmti10.pfb></usr
/local/texlive/2021/texmf-dist/fonts/type1/public/cm-super/sfsi0600.pfb></usr/l
ocal/texlive/2021/texmf-dist/fonts/type1/public/cm-super/sfsi0900.pfb></usr/loc
al/texlive/2021/texmf-dist/fonts/type1/public/cm-super/sfsi1095.pfb></usr/local
/texlive/2021/texmf-dist/fonts/type1/public/cm-super/sfss0600.pfb></usr/local/t
exlive/2021/texmf-dist/fonts/type1/public/cm-super/sfss0800.pfb></usr/local/tex
live/2021/texmf-dist/fonts/type1/public/cm-super/sfss0900.pfb></usr/local/texli
ve/2021/texmf-dist/fonts/type1/public/cm-super/sfss1095.pfb></usr/local/texlive
/2021/texmf-dist/fonts/type1/public/cm-super/sfss1440.pfb></usr/local/texlive/2
021/texmf-dist/fonts/type1/public/cm-super/sfsx1095.pfb></usr/local/texlive/202
1/texmf-dist/fonts/type1/public/cm-super/sftt0900.pfb></usr/local/texlive/2021/
texmf-dist/fonts/type1/public/cm-super/sftt1095.pfb></usr/local/texlive/2021/te
xmf-dist/fonts/type1/urw/symbol/usyr.pfb>
Output written on build/slides.pdf (51 pages, 9957687 bytes).
PDF statistics:
 1578 PDF objects out of 1728 (max. 8388607)
 1377 compressed objects within 14 object streams
 123 named destinations out of 1000 (max. 500000)
 314 words of extra memory for PDF output out of 10000 (max. 10000000)

